INFO 2021-11-12 15:27:03,260 Baseic.Log Log.py-第55行: 正在等待元素：(//android.widget.Button[@resource-id='zmsoft.rest.phone:id/btnLogin'])可见
INFO 2021-11-12 15:27:10,039 Baseic.Log Log.py-第55行: 正在获取登录文本
ERROR 2021-11-12 15:27:10,051 Baseic.Log Log.py-第67行: 获取登录文本失败：'str' object is not callable
Traceback (most recent call last):
  File "/Users/hujian/PycharmProjects/PythonAppiumAndroid/Baseic/base.py", line 75, in get_text
    text = ele.text()
TypeError: 'str' object is not callable
INFO 2021-11-12 15:28:29,479 Baseic.Log Log.py-第55行: 正在等待元素：(//android.widget.Button[@resource-id='zmsoft.rest.phone:id/btnLogin'])可见
INFO 2021-11-12 15:28:37,248 Baseic.Log Log.py-第55行: 正在获取登录文本
ERROR 2021-11-12 15:28:37,260 Baseic.Log Log.py-第67行: 获取登录文本失败：'str' object is not callable
Traceback (most recent call last):
  File "/Users/hujian/PycharmProjects/PythonAppiumAndroid/Baseic/base.py", line 75, in get_text
    text = ele.text()
TypeError: 'str' object is not callable
INFO 2021-11-12 15:30:28,803 Baseic.Log Log.py-第55行: 正在查找元素：//android.widget.Button[@resource-id='zmsoft.rest.phone:id/btnLogin']
INFO 2021-11-12 15:30:35,660 Baseic.Log Log.py-第55行: 正在获取登录文本
ERROR 2021-11-12 15:30:35,677 Baseic.Log Log.py-第67行: 获取登录文本失败：'str' object is not callable
Traceback (most recent call last):
  File "/Users/hujian/PycharmProjects/PythonAppiumAndroid/Baseic/base.py", line 75, in get_text
    text = ele.text()
TypeError: 'str' object is not callable
INFO 2021-11-12 15:31:20,400 Baseic.Log Log.py-第55行: 正在查找元素：//android.widget.Button[@resource-id='zmsoft.rest.phone:id/btnLogin']
INFO 2021-11-12 15:31:27,263 Baseic.Log Log.py-第55行: 正在获取登录文本
INFO 2021-11-12 15:32:00,062 Baseic.Log Log.py-第55行: 正在查找元素：//android.widget.Button[@resource-id='zmsoft.rest.phone:id/btnLogin']
INFO 2021-11-12 15:32:06,694 Baseic.Log Log.py-第55行: 正在获取登录文本
INFO 2021-11-12 15:36:03,530 Baseic.Log Log.py-第55行: 正在查找元素：//android.widget.Button[@resource-id='zmsoft.rest.phone:id/btnLogin']
INFO 2021-11-12 15:36:10,685 Baseic.Log Log.py-第55行: 正在获取登录文本：登录
INFO 2021-11-12 15:38:27,379 Baseic.Log Log.py-第55行: 正在等待元素：(//android.widget.Button[@resource-id='zmsoft.rest.phone:id/btnLogin'])可见
INFO 2021-11-12 15:38:34,197 Baseic.Log Log.py-第55行: 正在获取登录文本：登录
